<?xml version="1.0" encoding="UTF-8"?>
<!-- Generated by org.testng.reporters.JUnitReportReporter -->
<testsuite skipped="0" hostname="SURAJKUMAR" name="com.eventReport.testScript.TestCase3" tests="1" failures="0" timestamp="2022-03-15T23:34:44 IST" time="0.072" errors="0">
  <testcase name="testcase3" time="0.072" classname="com.eventReport.testScript.TestCase3"/>
  <system-out/>
</testsuite> <!-- com.eventReport.testScript.TestCase3 -->
